#! /c/Source/iverilog-install/bin/vvp
:ivl_version "12.0 (devel)" "(s20150603-1539-g2693dd32b)";
:ivl_delay_selection "TYPICAL";
:vpi_time_precision - 12;
:vpi_module "C:\SELFPR~1\iverilog\lib\ivl\system.vpi";
:vpi_module "C:\SELFPR~1\iverilog\lib\ivl\vhdl_sys.vpi";
:vpi_module "C:\SELFPR~1\iverilog\lib\ivl\vhdl_textio.vpi";
:vpi_module "C:\SELFPR~1\iverilog\lib\ivl\v2005_math.vpi";
:vpi_module "C:\SELFPR~1\iverilog\lib\ivl\va_math.vpi";
S_0000024cd0550800 .scope module, "kitchen_top" "kitchen_top" 2 6;
 .timescale -12 -12;
    .port_info 0 /INPUT 1 "clk";
    .port_info 1 /INPUT 1 "rstn";
    .port_info 2 /INPUT 1 "stand_normal_signal";
    .port_info 3 /INPUT 1 "left_gesture_signal";
    .port_info 4 /INPUT 1 "right_gesture_signal";
    .port_info 5 /OUTPUT 8 "current_mode";
o0000024cd055d978 .functor BUFZ 1, C4<z>; HiZ drive
v0000024cd05b0810_0 .net "clean_mode_toggle", 0 0, o0000024cd055d978;  0 drivers
o0000024cd055cfb8 .functor BUFZ 1, C4<z>; HiZ drive
v0000024cd05b1850_0 .net "clk", 0 0, o0000024cd055cfb8;  0 drivers
v0000024cd05b08b0_0 .var "current_mode", 7 0;
o0000024cd055d9a8 .functor BUFZ 1, C4<z>; HiZ drive
v0000024cd05b06d0_0 .net "first_mode_toggle", 0 0, o0000024cd055d9a8;  0 drivers
o0000024cd055d2e8 .functor BUFZ 1, C4<z>; HiZ drive
v0000024cd05b1990_0 .net "left_gesture_signal", 0 0, o0000024cd055d2e8;  0 drivers
o0000024cd055d498 .functor BUFZ 1, C4<z>; HiZ drive
v0000024cd05b0590_0 .net "normal_signal", 0 0, o0000024cd055d498;  0 drivers
v0000024cd05b0a90_0 .net "off_mode_toggle", 0 0, v0000024cd05afa80_0;  1 drivers
o0000024cd055d0d8 .functor BUFZ 1, C4<z>; HiZ drive
v0000024cd05b0310_0 .net "right_gesture_signal", 0 0, o0000024cd055d0d8;  0 drivers
o0000024cd055d078 .functor BUFZ 1, C4<z>; HiZ drive
v0000024cd05b1cb0_0 .net "rstn", 0 0, o0000024cd055d078;  0 drivers
o0000024cd055d9d8 .functor BUFZ 1, C4<z>; HiZ drive
v0000024cd05b0130_0 .net "second_mode_toggle", 0 0, o0000024cd055d9d8;  0 drivers
v0000024cd05b01d0_0 .net "stand_mode_toggle", 0 0, v0000024cd05b13f0_0;  1 drivers
o0000024cd055da08 .functor BUFZ 1, C4<z>; HiZ drive
v0000024cd05b1350_0 .net "stand_normal_signal", 0 0, o0000024cd055da08;  0 drivers
o0000024cd055da38 .functor BUFZ 1, C4<z>; HiZ drive
v0000024cd05b1530_0 .net "third_mode_toggle", 0 0, o0000024cd055da38;  0 drivers
S_0000024cd0550990 .scope module, "off_mode_controller_top_inst" "off_mode_controller_top" 2 22, 3 7 0, S_0000024cd0550800;
 .timescale -9 -12;
    .port_info 0 /INPUT 1 "clk";
    .port_info 1 /INPUT 1 "rstn";
    .port_info 2 /INPUT 8 "current_mode";
    .port_info 3 /INPUT 1 "normal_signal";
    .port_info 4 /INPUT 1 "left_gesture_signal";
    .port_info 5 /INPUT 1 "right_gesture_signal";
    .port_info 6 /OUTPUT 1 "off_mode_toggle";
v0000024cd05afc60_0 .net "clk", 0 0, o0000024cd055cfb8;  alias, 0 drivers
v0000024cd05af8a0_0 .net "current_mode", 7 0, v0000024cd05b08b0_0;  1 drivers
v0000024cd05af620_0 .net "left_gesture_signal", 0 0, o0000024cd055d2e8;  alias, 0 drivers
v0000024cd05af9e0_0 .net "normal_signal", 0 0, o0000024cd055d498;  alias, 0 drivers
v0000024cd05af6c0_0 .net "off_mode_controller_gesture_toggle", 0 0, v0000024cd05b0020_0;  1 drivers
v0000024cd05af120_0 .net "off_mode_controller_normal_toggle", 0 0, v0000024cd05af440_0;  1 drivers
v0000024cd05afa80_0 .var "off_mode_toggle", 0 0;
v0000024cd05af800_0 .net "right_gesture_signal", 0 0, o0000024cd055d0d8;  alias, 0 drivers
v0000024cd05afbc0_0 .net "rstn", 0 0, o0000024cd055d078;  alias, 0 drivers
S_0000024cd054b6c0 .scope module, "off_mode_controller_gesture_inst" "off_mode_controller_gesture" 3 27, 4 4 0, S_0000024cd0550990;
 .timescale -12 -12;
    .port_info 0 /INPUT 1 "clk";
    .port_info 1 /INPUT 1 "rstn";
    .port_info 2 /INPUT 1 "first_toggle_signal";
    .port_info 3 /INPUT 1 "second_toggle_signal";
    .port_info 4 /INPUT 32 "counter_time";
    .port_info 5 /OUTPUT 1 "off_mode_controller_gesture_toggle";
v0000024cd054ba80_0 .net "clk", 0 0, o0000024cd055cfb8;  alias, 0 drivers
v0000024cd0550b20_0 .net "counter_reg", 31 0, v0000024cd05308e0_0;  1 drivers
L_0000024cd05f0088 .functor BUFT 1, C4<00000000000000000000000000000101>, C4<0>, C4<0>, C4<0>;
v0000024cd0550bc0_0 .net "counter_time", 31 0, L_0000024cd05f0088;  1 drivers
v0000024cd0543af0_0 .net "done", 0 0, v0000024cd052f670_0;  1 drivers
v0000024cd0543b90_0 .net "first_toggle_signal", 0 0, o0000024cd055d0d8;  alias, 0 drivers
v0000024cd05af260_0 .var "load_value", 31 0;
v0000024cd05b0020_0 .var "off_mode_controller_gesture_toggle", 0 0;
v0000024cd05af3a0_0 .net "rstn", 0 0, o0000024cd055d078;  alias, 0 drivers
v0000024cd05af940_0 .net "second_toggle_signal", 0 0, o0000024cd055d2e8;  alias, 0 drivers
S_0000024cd054b850 .scope module, "gesture_counter_timer" "countdown_timer" 4 17, 5 4 0, S_0000024cd054b6c0;
 .timescale -9 -12;
    .port_info 0 /INPUT 1 "clk";
    .port_info 1 /INPUT 1 "rstn";
    .port_info 2 /INPUT 1 "start";
    .port_info 3 /INPUT 32 "load_value";
    .port_info 4 /OUTPUT 32 "count_reg";
    .port_info 5 /OUTPUT 1 "done";
v0000024cd0530840_0 .net "clk", 0 0, o0000024cd055cfb8;  alias, 0 drivers
v0000024cd05308e0_0 .var "count_reg", 31 0;
v0000024cd052f670_0 .var "done", 0 0;
v0000024cd052f710_0 .net "load_value", 31 0, v0000024cd05af260_0;  1 drivers
v0000024cd04ec280_0 .net "rstn", 0 0, o0000024cd055d078;  alias, 0 drivers
v0000024cd04ec320_0 .var "sec_counter", 31 0;
v0000024cd052e480_0 .net "start", 0 0, o0000024cd055d0d8;  alias, 0 drivers
v0000024cd052e520_0 .var "start_d", 0 0;
v0000024cd054b9e0_0 .var "started", 0 0;
E_0000024cd052b2a0/0 .event negedge, v0000024cd04ec280_0;
E_0000024cd052b2a0/1 .event posedge, v0000024cd0530840_0;
E_0000024cd052b2a0 .event/or E_0000024cd052b2a0/0, E_0000024cd052b2a0/1;
S_0000024cd0543c30 .scope module, "off_mode_controller_normal_inst" "off_mode_controller_normal" 3 20, 6 4 0, S_0000024cd0550990;
 .timescale -12 -12;
    .port_info 0 /INPUT 1 "clk";
    .port_info 1 /INPUT 1 "rstn";
    .port_info 2 /INPUT 1 "toggle_signal";
    .port_info 3 /OUTPUT 1 "off_mode_controller_normal_toggle";
v0000024cd05af4e0_0 .net "clk", 0 0, o0000024cd055cfb8;  alias, 0 drivers
v0000024cd05af300_0 .var "counter_reg", 31 0;
v0000024cd05af440_0 .var "off_mode_controller_normal_toggle", 0 0;
v0000024cd05af580_0 .net "rstn", 0 0, o0000024cd055d078;  alias, 0 drivers
v0000024cd05af760_0 .net "toggle_signal", 0 0, o0000024cd055d498;  alias, 0 drivers
S_0000024cd0543dc0 .scope module, "stand_mode_controller_top_inst" "stand_mode_controller_top" 2 32, 7 5 0, S_0000024cd0550800;
 .timescale -12 -12;
    .port_info 0 /INPUT 1 "clk";
    .port_info 1 /INPUT 1 "rstn";
    .port_info 2 /INPUT 8 "current_mode";
    .port_info 3 /INPUT 1 "normal_signal";
    .port_info 4 /OUTPUT 1 "stand_mode_toggle";
v0000024cd05aff80_0 .net "clk", 0 0, o0000024cd055cfb8;  alias, 0 drivers
v0000024cd05af1c0_0 .net "current_mode", 7 0, v0000024cd05b08b0_0;  alias, 1 drivers
v0000024cd05b17b0_0 .net "normal_signal", 0 0, o0000024cd055d498;  alias, 0 drivers
v0000024cd05b18f0_0 .net "rstn", 0 0, o0000024cd055d078;  alias, 0 drivers
v0000024cd05b0630_0 .net "stand_mode_controller_normal_toggle", 0 0, v0000024cd05afe40_0;  1 drivers
v0000024cd05b13f0_0 .var "stand_mode_toggle", 0 0;
S_0000024cd04ee5c0 .scope module, "stand_mode_controller_normal_inst" "stand_mode_controller_normal" 7 14, 8 4 0, S_0000024cd0543dc0;
 .timescale -12 -12;
    .port_info 0 /INPUT 1 "clk";
    .port_info 1 /INPUT 1 "rstn";
    .port_info 2 /INPUT 1 "toggle_signal";
    .port_info 3 /INPUT 8 "current_mode";
    .port_info 4 /OUTPUT 1 "stand_mode_controller_normal_toggle";
v0000024cd05afb20_0 .net "clk", 0 0, o0000024cd055cfb8;  alias, 0 drivers
v0000024cd05afda0_0 .net "current_mode", 7 0, v0000024cd05b08b0_0;  alias, 1 drivers
v0000024cd05afd00_0 .net "rstn", 0 0, o0000024cd055d078;  alias, 0 drivers
v0000024cd05afe40_0 .var "stand_mode_controller_normal_toggle", 0 0;
v0000024cd05afee0_0 .net "toggle_signal", 0 0, o0000024cd055d498;  alias, 0 drivers
    .scope S_0000024cd0543c30;
T_0 ;
    %pushi/vec4 0, 0, 32;
    %store/vec4 v0000024cd05af300_0, 0, 32;
    %pushi/vec4 0, 0, 1;
    %store/vec4 v0000024cd05af440_0, 0, 1;
    %end;
    .thread T_0;
    .scope S_0000024cd0543c30;
T_1 ;
    %wait E_0000024cd052b2a0;
    %load/vec4 v0000024cd05af580_0;
    %nor/r;
    %flag_set/vec4 8;
    %jmp/0xz  T_1.0, 8;
    %pushi/vec4 0, 0, 32;
    %store/vec4 v0000024cd05af300_0, 0, 32;
    %pushi/vec4 0, 0, 1;
    %assign/vec4 v0000024cd05af440_0, 0;
    %jmp T_1.1;
T_1.0 ;
    %load/vec4 v0000024cd05af760_0;
    %flag_set/vec4 8;
    %jmp/0xz  T_1.2, 8;
    %load/vec4 v0000024cd05af300_0;
    %addi 1, 0, 32;
    %assign/vec4 v0000024cd05af300_0, 0;
    %jmp T_1.3;
T_1.2 ;
    %pushi/vec4 0, 0, 32;
    %assign/vec4 v0000024cd05af300_0, 0;
T_1.3 ;
    %pushi/real 1200000000, 4094; load=3.00000e+08
    %load/vec4 v0000024cd05af300_0;
    %cvt/rv;
    %cmp/wr;
    %flag_or 5, 4;
    %jmp/0xz  T_1.4, 5;
    %pushi/vec4 1, 0, 1;
    %assign/vec4 v0000024cd05af440_0, 0;
    %jmp T_1.5;
T_1.4 ;
    %pushi/vec4 0, 0, 1;
    %assign/vec4 v0000024cd05af440_0, 0;
T_1.5 ;
T_1.1 ;
    %jmp T_1;
    .thread T_1;
    .scope S_0000024cd054b850;
T_2 ;
    %wait E_0000024cd052b2a0;
    %load/vec4 v0000024cd04ec280_0;
    %nor/r;
    %flag_set/vec4 8;
    %jmp/0xz  T_2.0, 8;
    %pushi/vec4 0, 0, 1;
    %assign/vec4 v0000024cd052e520_0, 0;
    %pushi/vec4 0, 0, 32;
    %assign/vec4 v0000024cd05308e0_0, 0;
    %pushi/vec4 0, 0, 1;
    %assign/vec4 v0000024cd052f670_0, 0;
    %pushi/vec4 0, 0, 1;
    %assign/vec4 v0000024cd054b9e0_0, 0;
    %pushi/vec4 0, 0, 32;
    %assign/vec4 v0000024cd04ec320_0, 0;
    %jmp T_2.1;
T_2.0 ;
    %load/vec4 v0000024cd052e480_0;
    %assign/vec4 v0000024cd052e520_0, 0;
    %load/vec4 v0000024cd052e480_0;
    %flag_set/vec4 9;
    %flag_get/vec4 9;
    %jmp/0 T_2.4, 9;
    %load/vec4 v0000024cd052e520_0;
    %inv;
    %and;
T_2.4;
    %flag_set/vec4 8;
    %jmp/0xz  T_2.2, 8;
    %load/vec4 v0000024cd052f710_0;
    %assign/vec4 v0000024cd05308e0_0, 0;
    %pushi/vec4 0, 0, 1;
    %assign/vec4 v0000024cd052f670_0, 0;
    %pushi/vec4 1, 0, 1;
    %assign/vec4 v0000024cd054b9e0_0, 0;
    %pushi/vec4 0, 0, 32;
    %assign/vec4 v0000024cd04ec320_0, 0;
    %jmp T_2.3;
T_2.2 ;
    %load/vec4 v0000024cd054b9e0_0;
    %flag_set/vec4 8;
    %jmp/0xz  T_2.5, 8;
    %load/vec4 v0000024cd05308e0_0;
    %cmpi/u 0, 0, 32;
    %flag_or 5, 4; GT is !LE
    %flag_inv 5;
    %jmp/0xz  T_2.7, 5;
    %load/vec4 v0000024cd04ec320_0;
    %cvt/rv;
    %pushi/real 1599999984, 4092; load=1.00000e+08
    %cmp/wr;
    %flag_get/vec4 4;
    %flag_set/vec4 8;
    %jmp/0xz  T_2.9, 8;
    %pushi/vec4 0, 0, 32;
    %assign/vec4 v0000024cd04ec320_0, 0;
    %load/vec4 v0000024cd05308e0_0;
    %subi 1, 0, 32;
    %assign/vec4 v0000024cd05308e0_0, 0;
    %load/vec4 v0000024cd05308e0_0;
    %cmpi/e 1, 0, 32;
    %jmp/0xz  T_2.11, 4;
    %pushi/vec4 1, 0, 1;
    %assign/vec4 v0000024cd052f670_0, 0;
    %pushi/vec4 0, 0, 1;
    %assign/vec4 v0000024cd054b9e0_0, 0;
T_2.11 ;
    %jmp T_2.10;
T_2.9 ;
    %load/vec4 v0000024cd04ec320_0;
    %addi 1, 0, 32;
    %assign/vec4 v0000024cd04ec320_0, 0;
T_2.10 ;
    %jmp T_2.8;
T_2.7 ;
    %pushi/vec4 0, 0, 1;
    %assign/vec4 v0000024cd054b9e0_0, 0;
T_2.8 ;
T_2.5 ;
T_2.3 ;
T_2.1 ;
    %jmp T_2;
    .thread T_2;
    .scope S_0000024cd054b6c0;
T_3 ;
    %pushi/vec4 0, 0, 1;
    %store/vec4 v0000024cd05b0020_0, 0, 1;
    %end;
    .thread T_3;
    .scope S_0000024cd054b6c0;
T_4 ;
    %wait E_0000024cd052b2a0;
    %load/vec4 v0000024cd05af3a0_0;
    %nor/r;
    %flag_set/vec4 8;
    %jmp/0xz  T_4.0, 8;
    %pushi/vec4 0, 0, 1;
    %assign/vec4 v0000024cd05b0020_0, 0;
    %jmp T_4.1;
T_4.0 ;
    %load/vec4 v0000024cd0543af0_0;
    %flag_set/vec4 8;
    %jmp/0xz  T_4.2, 8;
    %jmp T_4.3;
T_4.2 ;
    %load/vec4 v0000024cd05af940_0;
    %flag_set/vec4 8;
    %jmp/0xz  T_4.4, 8;
    %pushi/vec4 1, 0, 1;
    %assign/vec4 v0000024cd05b0020_0, 0;
    %jmp T_4.5;
T_4.4 ;
    %pushi/vec4 0, 0, 1;
    %assign/vec4 v0000024cd05b0020_0, 0;
T_4.5 ;
T_4.3 ;
T_4.1 ;
    %jmp T_4;
    .thread T_4;
    .scope S_0000024cd0550990;
T_5 ;
    %pushi/vec4 0, 0, 1;
    %store/vec4 v0000024cd05afa80_0, 0, 1;
    %end;
    .thread T_5;
    .scope S_0000024cd0550990;
T_6 ;
    %wait E_0000024cd052b2a0;
    %load/vec4 v0000024cd05afbc0_0;
    %nor/r;
    %flag_set/vec4 8;
    %jmp/0xz  T_6.0, 8;
    %pushi/vec4 0, 0, 1;
    %assign/vec4 v0000024cd05afa80_0, 0;
    %jmp T_6.1;
T_6.0 ;
    %load/vec4 v0000024cd05af8a0_0;
    %dup/vec4;
    %pushi/vec4 1, 0, 8;
    %cmp/u;
    %jmp/1 T_6.2, 6;
    %load/vec4 v0000024cd05af120_0;
    %flag_set/vec4 8;
    %jmp/0xz  T_6.5, 8;
    %pushi/vec4 1, 0, 1;
    %assign/vec4 v0000024cd05afa80_0, 0;
    %jmp T_6.6;
T_6.5 ;
    %load/vec4 v0000024cd05af6c0_0;
    %flag_set/vec4 8;
    %jmp/0xz  T_6.7, 8;
    %pushi/vec4 1, 0, 1;
    %assign/vec4 v0000024cd05afa80_0, 0;
    %jmp T_6.8;
T_6.7 ;
    %pushi/vec4 0, 0, 1;
    %assign/vec4 v0000024cd05afa80_0, 0;
T_6.8 ;
T_6.6 ;
    %jmp T_6.4;
T_6.2 ;
    %pushi/vec4 0, 0, 1;
    %assign/vec4 v0000024cd05afa80_0, 0;
    %jmp T_6.4;
T_6.4 ;
    %pop/vec4 1;
T_6.1 ;
    %jmp T_6;
    .thread T_6;
    .scope S_0000024cd04ee5c0;
T_7 ;
    %wait E_0000024cd052b2a0;
    %load/vec4 v0000024cd05afd00_0;
    %nor/r;
    %flag_set/vec4 8;
    %jmp/0xz  T_7.0, 8;
    %pushi/vec4 0, 0, 1;
    %assign/vec4 v0000024cd05afe40_0, 0;
    %jmp T_7.1;
T_7.0 ;
    %load/vec4 v0000024cd05afda0_0;
    %dup/vec4;
    %pushi/vec4 2, 0, 8;
    %cmp/u;
    %jmp/1 T_7.2, 6;
    %pushi/vec4 0, 0, 1;
    %assign/vec4 v0000024cd05afe40_0, 0;
    %jmp T_7.4;
T_7.2 ;
    %load/vec4 v0000024cd05afee0_0;
    %flag_set/vec4 8;
    %jmp/0xz  T_7.5, 8;
    %pushi/vec4 1, 0, 1;
    %assign/vec4 v0000024cd05afe40_0, 0;
    %jmp T_7.6;
T_7.5 ;
    %pushi/vec4 0, 0, 1;
    %assign/vec4 v0000024cd05afe40_0, 0;
T_7.6 ;
    %jmp T_7.4;
T_7.4 ;
    %pop/vec4 1;
T_7.1 ;
    %jmp T_7;
    .thread T_7;
    .scope S_0000024cd0543dc0;
T_8 ;
    %pushi/vec4 0, 0, 1;
    %store/vec4 v0000024cd05b13f0_0, 0, 1;
    %end;
    .thread T_8;
    .scope S_0000024cd0543dc0;
T_9 ;
    %wait E_0000024cd052b2a0;
    %load/vec4 v0000024cd05b18f0_0;
    %nor/r;
    %flag_set/vec4 8;
    %jmp/0xz  T_9.0, 8;
    %pushi/vec4 0, 0, 1;
    %assign/vec4 v0000024cd05b13f0_0, 0;
    %jmp T_9.1;
T_9.0 ;
    %load/vec4 v0000024cd05af1c0_0;
    %dup/vec4;
    %pushi/vec4 2, 0, 8;
    %cmp/u;
    %jmp/1 T_9.2, 6;
    %pushi/vec4 0, 0, 1;
    %assign/vec4 v0000024cd05b13f0_0, 0;
    %jmp T_9.4;
T_9.2 ;
    %load/vec4 v0000024cd05b0630_0;
    %flag_set/vec4 8;
    %jmp/0xz  T_9.5, 8;
    %pushi/vec4 1, 0, 1;
    %assign/vec4 v0000024cd05b13f0_0, 0;
    %jmp T_9.6;
T_9.5 ;
    %pushi/vec4 0, 0, 1;
    %assign/vec4 v0000024cd05b13f0_0, 0;
T_9.6 ;
    %jmp T_9.4;
T_9.4 ;
    %pop/vec4 1;
T_9.1 ;
    %jmp T_9;
    .thread T_9;
    .scope S_0000024cd0550800;
T_10 ;
    %pushi/vec4 1, 0, 8;
    %store/vec4 v0000024cd05b08b0_0, 0, 8;
    %end;
    .thread T_10;
    .scope S_0000024cd0550800;
T_11 ;
    %wait E_0000024cd052b2a0;
    %load/vec4 v0000024cd05b1cb0_0;
    %nor/r;
    %flag_set/vec4 8;
    %jmp/0xz  T_11.0, 8;
    %pushi/vec4 1, 0, 8;
    %assign/vec4 v0000024cd05b08b0_0, 0;
    %jmp T_11.1;
T_11.0 ;
    %load/vec4 v0000024cd05b08b0_0;
    %dup/vec4;
    %pushi/vec4 1, 0, 8;
    %cmp/u;
    %jmp/1 T_11.2, 6;
    %dup/vec4;
    %pushi/vec4 2, 0, 8;
    %cmp/u;
    %jmp/1 T_11.3, 6;
    %dup/vec4;
    %pushi/vec4 4, 0, 8;
    %cmp/u;
    %jmp/1 T_11.4, 6;
    %dup/vec4;
    %pushi/vec4 8, 0, 8;
    %cmp/u;
    %jmp/1 T_11.5, 6;
    %dup/vec4;
    %pushi/vec4 16, 0, 8;
    %cmp/u;
    %jmp/1 T_11.6, 6;
    %dup/vec4;
    %pushi/vec4 32, 0, 8;
    %cmp/u;
    %jmp/1 T_11.7, 6;
    %pushi/vec4 1, 0, 8;
    %assign/vec4 v0000024cd05b08b0_0, 0;
    %jmp T_11.9;
T_11.2 ;
    %load/vec4 v0000024cd05b01d0_0;
    %flag_set/vec4 8;
    %jmp/0xz  T_11.10, 8;
    %pushi/vec4 2, 0, 8;
    %assign/vec4 v0000024cd05b08b0_0, 0;
T_11.10 ;
    %jmp T_11.9;
T_11.3 ;
    %load/vec4 v0000024cd05b0a90_0;
    %flag_set/vec4 8;
    %jmp/0xz  T_11.12, 8;
    %pushi/vec4 1, 0, 8;
    %assign/vec4 v0000024cd05b08b0_0, 0;
    %jmp T_11.13;
T_11.12 ;
    %load/vec4 v0000024cd05b0810_0;
    %flag_set/vec4 8;
    %jmp/0xz  T_11.14, 8;
    %pushi/vec4 4, 0, 8;
    %assign/vec4 v0000024cd05b08b0_0, 0;
    %jmp T_11.15;
T_11.14 ;
    %load/vec4 v0000024cd05b06d0_0;
    %flag_set/vec4 8;
    %jmp/0xz  T_11.16, 8;
    %pushi/vec4 8, 0, 8;
    %assign/vec4 v0000024cd05b08b0_0, 0;
    %jmp T_11.17;
T_11.16 ;
    %load/vec4 v0000024cd05b0130_0;
    %flag_set/vec4 8;
    %jmp/0xz  T_11.18, 8;
    %pushi/vec4 16, 0, 8;
    %assign/vec4 v0000024cd05b08b0_0, 0;
    %jmp T_11.19;
T_11.18 ;
    %load/vec4 v0000024cd05b1530_0;
    %flag_set/vec4 8;
    %jmp/0xz  T_11.20, 8;
    %pushi/vec4 32, 0, 8;
    %assign/vec4 v0000024cd05b08b0_0, 0;
T_11.20 ;
T_11.19 ;
T_11.17 ;
T_11.15 ;
T_11.13 ;
    %jmp T_11.9;
T_11.4 ;
    %load/vec4 v0000024cd05b01d0_0;
    %flag_set/vec4 8;
    %jmp/0xz  T_11.22, 8;
    %pushi/vec4 2, 0, 8;
    %assign/vec4 v0000024cd05b08b0_0, 0;
T_11.22 ;
    %jmp T_11.9;
T_11.5 ;
    %load/vec4 v0000024cd05b01d0_0;
    %flag_set/vec4 8;
    %jmp/0xz  T_11.24, 8;
    %pushi/vec4 2, 0, 8;
    %assign/vec4 v0000024cd05b08b0_0, 0;
T_11.24 ;
    %jmp T_11.9;
T_11.6 ;
    %load/vec4 v0000024cd05b01d0_0;
    %flag_set/vec4 8;
    %jmp/0xz  T_11.26, 8;
    %pushi/vec4 2, 0, 8;
    %assign/vec4 v0000024cd05b08b0_0, 0;
T_11.26 ;
    %jmp T_11.9;
T_11.7 ;
    %load/vec4 v0000024cd05b01d0_0;
    %flag_set/vec4 8;
    %jmp/0xz  T_11.28, 8;
    %pushi/vec4 2, 0, 8;
    %assign/vec4 v0000024cd05b08b0_0, 0;
T_11.28 ;
    %jmp T_11.9;
T_11.9 ;
    %pop/vec4 1;
T_11.1 ;
    %jmp T_11;
    .thread T_11;
# The file index is used to find the file name in the following table.
:file_names 9;
    "N/A";
    "<interactive>";
    "kitchen_top.v";
    "./../off_mode_controller_modules/off_mode_controller_top.v";
    "./../off_mode_controller_modules/off_mode_controller_gesture.v";
    "./../util_modules/countdown_timer.v";
    "./../off_mode_controller_modules/off_mode_controller_normal.v";
    "./../stand_mode_controller_modules/stand_mode_controller_top.v";
    "./../stand_mode_controller_modules/stand_mode_controller_normal.v";
